android/app/build/intermediates/manifest_merge_blame_file/debug/processDebugMainManifest/manifest-merger-blame-debug-report.txt
1<?xml version="1.0" encoding="utf-8"?>
2<manifest xmlns:android="http://schemas.android.com/apk/res/android"
3    package="com.apexfit"
4    android:versionCode="1"
5    android:versionName="1.0.0" >
6
7    <uses-sdk
8        android:minSdkVersion="28"
9        android:targetSdkVersion="35" />
10
11    <!-- Health Connect permissions -->
12    <uses-permission android:name="android.permission.health.READ_HEART_RATE" />
12-->src/main/AndroidManifest.xml:5:5-81
12-->src/main/AndroidManifest.xml:5:22-78
13    <uses-permission android:name="android.permission.health.READ_HEART_RATE_VARIABILITY" />
13-->src/main/AndroidManifest.xml:6:5-93
13-->src/main/AndroidManifest.xml:6:22-90
14    <uses-permission android:name="android.permission.health.READ_RESTING_HEART_RATE" />
14-->src/main/AndroidManifest.xml:7:5-89
14-->src/main/AndroidManifest.xml:7:22-86
15    <uses-permission android:name="android.permission.health.READ_RESPIRATORY_RATE" />
15-->src/main/AndroidManifest.xml:8:5-87
15-->src/main/AndroidManifest.xml:8:22-84
16    <uses-permission android:name="android.permission.health.READ_OXYGEN_SATURATION" />
16-->src/main/AndroidManifest.xml:9:5-88
16-->src/main/AndroidManifest.xml:9:22-85
17    <uses-permission android:name="android.permission.health.READ_SLEEP" />
17-->src/main/AndroidManifest.xml:10:5-76
17-->src/main/AndroidManifest.xml:10:22-73
18    <uses-permission android:name="android.permission.health.READ_EXERCISE" />
18-->src/main/AndroidManifest.xml:11:5-79
18-->src/main/AndroidManifest.xml:11:22-76
19    <uses-permission android:name="android.permission.health.READ_STEPS" />
19-->src/main/AndroidManifest.xml:12:5-76
19-->src/main/AndroidManifest.xml:12:22-73
20    <uses-permission android:name="android.permission.health.READ_ACTIVE_CALORIES_BURNED" />
20-->src/main/AndroidManifest.xml:13:5-93
20-->src/main/AndroidManifest.xml:13:22-90
21    <uses-permission android:name="android.permission.health.READ_VO2_MAX" />
21-->src/main/AndroidManifest.xml:14:5-78
21-->src/main/AndroidManifest.xml:14:22-75
22    <uses-permission android:name="android.permission.health.WRITE_EXERCISE" />
22-->src/main/AndroidManifest.xml:15:5-80
22-->src/main/AndroidManifest.xml:15:22-77
23
24    <!-- Notifications -->
25    <uses-permission android:name="android.permission.POST_NOTIFICATIONS" />
25-->src/main/AndroidManifest.xml:18:5-77
25-->src/main/AndroidManifest.xml:18:22-74
26
27    <!-- Foreground service for live workout -->
28    <uses-permission android:name="android.permission.FOREGROUND_SERVICE" />
28-->src/main/AndroidManifest.xml:21:5-77
28-->src/main/AndroidManifest.xml:21:22-74
29    <uses-permission android:name="android.permission.FOREGROUND_SERVICE_HEALTH" />
29-->src/main/AndroidManifest.xml:22:5-84
29-->src/main/AndroidManifest.xml:22:22-81
30
31    <!-- Declare that the app uses Health Connect -->
32    <queries>
32-->src/main/AndroidManifest.xml:63:5-65:15
33        <package android:name="com.google.android.apps.healthdata" />
33-->src/main/AndroidManifest.xml:64:9-70
33-->src/main/AndroidManifest.xml:64:18-67
34    </queries>
35
36    <uses-permission android:name="android.permission.WAKE_LOCK" />
36-->[androidx.work:work-runtime:2.10.0] AndroidManifest.xml:23:5-68
36-->[androidx.work:work-runtime:2.10.0] AndroidManifest.xml:23:22-65
37    <uses-permission android:name="android.permission.ACCESS_NETWORK_STATE" />
37-->[androidx.work:work-runtime:2.10.0] AndroidManifest.xml:24:5-79
37-->[androidx.work:work-runtime:2.10.0] AndroidManifest.xml:24:22-76
38    <uses-permission android:name="android.permission.RECEIVE_BOOT_COMPLETED" />
38-->[androidx.work:work-runtime:2.10.0] AndroidManifest.xml:25:5-81
38-->[androidx.work:work-runtime:2.10.0] AndroidManifest.xml:25:22-78
39
40    <permission
40-->[androidx.core:core:1.15.0] AndroidManifest.xml:22:5-24:47
41        android:name="com.apexfit.DYNAMIC_RECEIVER_NOT_EXPORTED_PERMISSION"
41-->[androidx.core:core:1.15.0] AndroidManifest.xml:23:9-81
42        android:protectionLevel="signature" />
42-->[androidx.core:core:1.15.0] AndroidManifest.xml:24:9-44
43
44    <uses-permission android:name="com.apexfit.DYNAMIC_RECEIVER_NOT_EXPORTED_PERMISSION" />
44-->[androidx.core:core:1.15.0] AndroidManifest.xml:26:5-97
44-->[androidx.core:core:1.15.0] AndroidManifest.xml:26:22-94
45
46    <application
46-->src/main/AndroidManifest.xml:24:5-60:19
47        android:name="com.apexfit.ApexFitApplication"
47-->src/main/AndroidManifest.xml:25:9-43
48        android:allowBackup="true"
48-->src/main/AndroidManifest.xml:26:9-35
49        android:appComponentFactory="androidx.core.app.CoreComponentFactory"
49-->[androidx.core:core:1.15.0] AndroidManifest.xml:28:18-86
50        android:debuggable="true"
51        android:extractNativeLibs="false"
52        android:icon="@mipmap/ic_launcher"
52-->src/main/AndroidManifest.xml:27:9-43
53        android:label="@string/app_name"
53-->src/main/AndroidManifest.xml:28:9-41
54        android:roundIcon="@mipmap/ic_launcher_round"
54-->src/main/AndroidManifest.xml:29:9-54
55        android:supportsRtl="true"
55-->src/main/AndroidManifest.xml:30:9-35
56        android:theme="@style/Theme.ApexFit" >
56-->src/main/AndroidManifest.xml:31:9-45
57        <activity
57-->src/main/AndroidManifest.xml:33:9-41:20
58            android:name="com.apexfit.MainActivity"
58-->src/main/AndroidManifest.xml:34:13-41
59            android:exported="true"
59-->src/main/AndroidManifest.xml:35:13-36
60            android:theme="@style/Theme.ApexFit" >
60-->src/main/AndroidManifest.xml:36:13-49
61            <intent-filter>
61-->src/main/AndroidManifest.xml:37:13-40:29
62                <action android:name="android.intent.action.MAIN" />
62-->src/main/AndroidManifest.xml:38:17-69
62-->src/main/AndroidManifest.xml:38:25-66
63
64                <category android:name="android.intent.category.LAUNCHER" />
64-->src/main/AndroidManifest.xml:39:17-77
64-->src/main/AndroidManifest.xml:39:27-74
65            </intent-filter>
66        </activity> <!-- Health Connect intent filter for permission rationale -->
67        <activity-alias
67-->src/main/AndroidManifest.xml:44:9-53:26
68            android:name="com.apexfit.ViewPermissionUsageActivity"
68-->src/main/AndroidManifest.xml:45:13-55
69            android:exported="true"
69-->src/main/AndroidManifest.xml:46:13-36
70            android:permission="android.permission.START_VIEW_PERMISSION_USAGE"
70-->src/main/AndroidManifest.xml:48:13-80
71            android:targetActivity="com.apexfit.MainActivity" >
71-->src/main/AndroidManifest.xml:47:13-51
72            <intent-filter>
72-->src/main/AndroidManifest.xml:49:13-52:29
73                <action android:name="android.intent.action.VIEW_PERMISSION_USAGE" />
73-->src/main/AndroidManifest.xml:50:17-86
73-->src/main/AndroidManifest.xml:50:25-83
74
75                <category android:name="android.intent.category.HEALTH_PERMISSIONS" />
75-->src/main/AndroidManifest.xml:51:17-87
75-->src/main/AndroidManifest.xml:51:27-84
76            </intent-filter>
77        </activity-alias>
78
79        <!-- Declare Health Connect data types used -->
80        <meta-data
80-->src/main/AndroidManifest.xml:56:9-58:60
81            android:name="health_permissions"
81-->src/main/AndroidManifest.xml:57:13-46
82            android:resource="@array/health_permissions" />
82-->src/main/AndroidManifest.xml:58:13-57
83
84        <service
84-->[androidx.health.connect:connect-client:1.1.0-alpha11] AndroidManifest.xml:24:9-32:19
85            android:name="androidx.health.platform.client.impl.sdkservice.HealthDataSdkService"
85-->[androidx.health.connect:connect-client:1.1.0-alpha11] AndroidManifest.xml:25:13-96
86            android:enabled="true"
86-->[androidx.health.connect:connect-client:1.1.0-alpha11] AndroidManifest.xml:26:13-35
87            android:exported="true" >
87-->[androidx.health.connect:connect-client:1.1.0-alpha11] AndroidManifest.xml:27:13-36
88            <intent-filter>
88-->[androidx.health.connect:connect-client:1.1.0-alpha11] AndroidManifest.xml:29:13-31:29
89                <action android:name="androidx.health.platform.client.ACTION_BIND_SDK_SERVICE" />
89-->[androidx.health.connect:connect-client:1.1.0-alpha11] AndroidManifest.xml:30:17-98
89-->[androidx.health.connect:connect-client:1.1.0-alpha11] AndroidManifest.xml:30:25-95
90            </intent-filter>
91        </service>
92
93        <provider
93-->[androidx.work:work-runtime:2.10.0] AndroidManifest.xml:29:9-37:20
94            android:name="androidx.startup.InitializationProvider"
94-->[androidx.work:work-runtime:2.10.0] AndroidManifest.xml:30:13-67
95            android:authorities="com.apexfit.androidx-startup"
95-->[androidx.work:work-runtime:2.10.0] AndroidManifest.xml:31:13-68
96            android:exported="false" >
96-->[androidx.work:work-runtime:2.10.0] AndroidManifest.xml:32:13-37
97            <meta-data
97-->[androidx.work:work-runtime:2.10.0] AndroidManifest.xml:34:13-36:52
98                android:name="androidx.work.WorkManagerInitializer"
98-->[androidx.work:work-runtime:2.10.0] AndroidManifest.xml:35:17-68
99                android:value="androidx.startup" />
99-->[androidx.work:work-runtime:2.10.0] AndroidManifest.xml:36:17-49
100            <meta-data
100-->[androidx.emoji2:emoji2:1.3.0] AndroidManifest.xml:29:13-31:52
101                android:name="androidx.emoji2.text.EmojiCompatInitializer"
101-->[androidx.emoji2:emoji2:1.3.0] AndroidManifest.xml:30:17-75
102                android:value="androidx.startup" />
102-->[androidx.emoji2:emoji2:1.3.0] AndroidManifest.xml:31:17-49
103            <meta-data
103-->[androidx.lifecycle:lifecycle-process:2.8.7] AndroidManifest.xml:29:13-31:52
104                android:name="androidx.lifecycle.ProcessLifecycleInitializer"
104-->[androidx.lifecycle:lifecycle-process:2.8.7] AndroidManifest.xml:30:17-78
105                android:value="androidx.startup" />
105-->[androidx.lifecycle:lifecycle-process:2.8.7] AndroidManifest.xml:31:17-49
106            <meta-data
106-->[androidx.profileinstaller:profileinstaller:1.3.1] AndroidManifest.xml:29:13-31:52
107                android:name="androidx.profileinstaller.ProfileInstallerInitializer"
107-->[androidx.profileinstaller:profileinstaller:1.3.1] AndroidManifest.xml:30:17-85
108                android:value="androidx.startup" />
108-->[androidx.profileinstaller:profileinstaller:1.3.1] AndroidManifest.xml:31:17-49
109        </provider>
110
111        <service
111-->[androidx.work:work-runtime:2.10.0] AndroidManifest.xml:39:9-45:35
112            android:name="androidx.work.impl.background.systemalarm.SystemAlarmService"
112-->[androidx.work:work-runtime:2.10.0] AndroidManifest.xml:40:13-88
113            android:directBootAware="false"
113-->[androidx.work:work-runtime:2.10.0] AndroidManifest.xml:41:13-44
114            android:enabled="@bool/enable_system_alarm_service_default"
114-->[androidx.work:work-runtime:2.10.0] AndroidManifest.xml:42:13-72
115            android:exported="false" />
115-->[androidx.work:work-runtime:2.10.0] AndroidManifest.xml:43:13-37
116        <service
116-->[androidx.work:work-runtime:2.10.0] AndroidManifest.xml:46:9-52:35
117            android:name="androidx.work.impl.background.systemjob.SystemJobService"
117-->[androidx.work:work-runtime:2.10.0] AndroidManifest.xml:47:13-84
118            android:directBootAware="false"
118-->[androidx.work:work-runtime:2.10.0] AndroidManifest.xml:48:13-44
119            android:enabled="@bool/enable_system_job_service_default"
119-->[androidx.work:work-runtime:2.10.0] AndroidManifest.xml:49:13-70
120            android:exported="true"
120-->[androidx.work:work-runtime:2.10.0] AndroidManifest.xml:50:13-36
121            android:permission="android.permission.BIND_JOB_SERVICE" />
121-->[androidx.work:work-runtime:2.10.0] AndroidManifest.xml:51:13-69
122        <service
122-->[androidx.work:work-runtime:2.10.0] AndroidManifest.xml:53:9-59:35
123            android:name="androidx.work.impl.foreground.SystemForegroundService"
123-->[androidx.work:work-runtime:2.10.0] AndroidManifest.xml:54:13-81
124            android:directBootAware="false"
124-->[androidx.work:work-runtime:2.10.0] AndroidManifest.xml:55:13-44
125            android:enabled="@bool/enable_system_foreground_service_default"
125-->[androidx.work:work-runtime:2.10.0] AndroidManifest.xml:56:13-77
126            android:exported="false" />
126-->[androidx.work:work-runtime:2.10.0] AndroidManifest.xml:57:13-37
127
128        <receiver
128-->[androidx.work:work-runtime:2.10.0] AndroidManifest.xml:61:9-66:35
129            android:name="androidx.work.impl.utils.ForceStopRunnable$BroadcastReceiver"
129-->[androidx.work:work-runtime:2.10.0] AndroidManifest.xml:62:13-88
130            android:directBootAware="false"
130-->[androidx.work:work-runtime:2.10.0] AndroidManifest.xml:63:13-44
131            android:enabled="true"
131-->[androidx.work:work-runtime:2.10.0] AndroidManifest.xml:64:13-35
132            android:exported="false" />
132-->[androidx.work:work-runtime:2.10.0] AndroidManifest.xml:65:13-37
133        <receiver
133-->[androidx.work:work-runtime:2.10.0] AndroidManifest.xml:67:9-77:20
134            android:name="androidx.work.impl.background.systemalarm.ConstraintProxy$BatteryChargingProxy"
134-->[androidx.work:work-runtime:2.10.0] AndroidManifest.xml:68:13-106
135            android:directBootAware="false"
135-->[androidx.work:work-runtime:2.10.0] AndroidManifest.xml:69:13-44
136            android:enabled="false"
136-->[androidx.work:work-runtime:2.10.0] AndroidManifest.xml:70:13-36
137            android:exported="false" >
137-->[androidx.work:work-runtime:2.10.0] AndroidManifest.xml:71:13-37
138            <intent-filter>
138-->[androidx.work:work-runtime:2.10.0] AndroidManifest.xml:73:13-76:29
139                <action android:name="android.intent.action.ACTION_POWER_CONNECTED" />
139-->[androidx.work:work-runtime:2.10.0] AndroidManifest.xml:74:17-87
139-->[androidx.work:work-runtime:2.10.0] AndroidManifest.xml:74:25-84
140                <action android:name="android.intent.action.ACTION_POWER_DISCONNECTED" />
140-->[androidx.work:work-runtime:2.10.0] AndroidManifest.xml:75:17-90
140-->[androidx.work:work-runtime:2.10.0] AndroidManifest.xml:75:25-87
141            </intent-filter>
142        </receiver>
143        <receiver
143-->[androidx.work:work-runtime:2.10.0] AndroidManifest.xml:78:9-88:20
144            android:name="androidx.work.impl.background.systemalarm.ConstraintProxy$BatteryNotLowProxy"
144-->[androidx.work:work-runtime:2.10.0] AndroidManifest.xml:79:13-104
145            android:directBootAware="false"
145-->[androidx.work:work-runtime:2.10.0] AndroidManifest.xml:80:13-44
146            android:enabled="false"
146-->[androidx.work:work-runtime:2.10.0] AndroidManifest.xml:81:13-36
147            android:exported="false" >
147-->[androidx.work:work-runtime:2.10.0] AndroidManifest.xml:82:13-37
148            <intent-filter>
148-->[androidx.work:work-runtime:2.10.0] AndroidManifest.xml:84:13-87:29
149                <action android:name="android.intent.action.BATTERY_OKAY" />
149-->[androidx.work:work-runtime:2.10.0] AndroidManifest.xml:85:17-77
149-->[androidx.work:work-runtime:2.10.0] AndroidManifest.xml:85:25-74
150                <action android:name="android.intent.action.BATTERY_LOW" />
150-->[androidx.work:work-runtime:2.10.0] AndroidManifest.xml:86:17-76
150-->[androidx.work:work-runtime:2.10.0] AndroidManifest.xml:86:25-73
151            </intent-filter>
152        </receiver>
153        <receiver
153-->[androidx.work:work-runtime:2.10.0] AndroidManifest.xml:89:9-99:20
154            android:name="androidx.work.impl.background.systemalarm.ConstraintProxy$StorageNotLowProxy"
154-->[androidx.work:work-runtime:2.10.0] AndroidManifest.xml:90:13-104
155            android:directBootAware="false"
155-->[androidx.work:work-runtime:2.10.0] AndroidManifest.xml:91:13-44
156            android:enabled="false"
156-->[androidx.work:work-runtime:2.10.0] AndroidManifest.xml:92:13-36
157            android:exported="false" >
157-->[androidx.work:work-runtime:2.10.0] AndroidManifest.xml:93:13-37
158            <intent-filter>
158-->[androidx.work:work-runtime:2.10.0] AndroidManifest.xml:95:13-98:29
159                <action android:name="android.intent.action.DEVICE_STORAGE_LOW" />
159-->[androidx.work:work-runtime:2.10.0] AndroidManifest.xml:96:17-83
159-->[androidx.work:work-runtime:2.10.0] AndroidManifest.xml:96:25-80
160                <action android:name="android.intent.action.DEVICE_STORAGE_OK" />
160-->[androidx.work:work-runtime:2.10.0] AndroidManifest.xml:97:17-82
160-->[androidx.work:work-runtime:2.10.0] AndroidManifest.xml:97:25-79
161            </intent-filter>
162        </receiver>
163        <receiver
163-->[androidx.work:work-runtime:2.10.0] AndroidManifest.xml:100:9-109:20
164            android:name="androidx.work.impl.background.systemalarm.ConstraintProxy$NetworkStateProxy"
164-->[androidx.work:work-runtime:2.10.0] AndroidManifest.xml:101:13-103
165            android:directBootAware="false"
165-->[androidx.work:work-runtime:2.10.0] AndroidManifest.xml:102:13-44
166            android:enabled="false"
166-->[androidx.work:work-runtime:2.10.0] AndroidManifest.xml:103:13-36
167            android:exported="false" >
167-->[androidx.work:work-runtime:2.10.0] AndroidManifest.xml:104:13-37
168            <intent-filter>
168-->[androidx.work:work-runtime:2.10.0] AndroidManifest.xml:106:13-108:29
169                <action android:name="android.net.conn.CONNECTIVITY_CHANGE" />
169-->[androidx.work:work-runtime:2.10.0] AndroidManifest.xml:107:17-79
169-->[androidx.work:work-runtime:2.10.0] AndroidManifest.xml:107:25-76
170            </intent-filter>
171        </receiver>
172        <receiver
172-->[androidx.work:work-runtime:2.10.0] AndroidManifest.xml:110:9-121:20
173            android:name="androidx.work.impl.background.systemalarm.RescheduleReceiver"
173-->[androidx.work:work-runtime:2.10.0] AndroidManifest.xml:111:13-88
174            android:directBootAware="false"
174-->[androidx.work:work-runtime:2.10.0] AndroidManifest.xml:112:13-44
175            android:enabled="false"
175-->[androidx.work:work-runtime:2.10.0] AndroidManifest.xml:113:13-36
176            android:exported="false" >
176-->[androidx.work:work-runtime:2.10.0] AndroidManifest.xml:114:13-37
177            <intent-filter>
177-->[androidx.work:work-runtime:2.10.0] AndroidManifest.xml:116:13-120:29
178                <action android:name="android.intent.action.BOOT_COMPLETED" />
178-->[androidx.work:work-runtime:2.10.0] AndroidManifest.xml:117:17-79
178-->[androidx.work:work-runtime:2.10.0] AndroidManifest.xml:117:25-76
179                <action android:name="android.intent.action.TIME_SET" />
179-->[androidx.work:work-runtime:2.10.0] AndroidManifest.xml:118:17-73
179-->[androidx.work:work-runtime:2.10.0] AndroidManifest.xml:118:25-70
180                <action android:name="android.intent.action.TIMEZONE_CHANGED" />
180-->[androidx.work:work-runtime:2.10.0] AndroidManifest.xml:119:17-81
180-->[androidx.work:work-runtime:2.10.0] AndroidManifest.xml:119:25-78
181            </intent-filter>
182        </receiver>
183        <receiver
183-->[androidx.work:work-runtime:2.10.0] AndroidManifest.xml:122:9-131:20
184            android:name="androidx.work.impl.background.systemalarm.ConstraintProxyUpdateReceiver"
184-->[androidx.work:work-runtime:2.10.0] AndroidManifest.xml:123:13-99
185            android:directBootAware="false"
185-->[androidx.work:work-runtime:2.10.0] AndroidManifest.xml:124:13-44
186            android:enabled="@bool/enable_system_alarm_service_default"
186-->[androidx.work:work-runtime:2.10.0] AndroidManifest.xml:125:13-72
187            android:exported="false" >
187-->[androidx.work:work-runtime:2.10.0] AndroidManifest.xml:126:13-37
188            <intent-filter>
188-->[androidx.work:work-runtime:2.10.0] AndroidManifest.xml:128:13-130:29
189                <action android:name="androidx.work.impl.background.systemalarm.UpdateProxies" />
189-->[androidx.work:work-runtime:2.10.0] AndroidManifest.xml:129:17-98
189-->[androidx.work:work-runtime:2.10.0] AndroidManifest.xml:129:25-95
190            </intent-filter>
191        </receiver>
192        <receiver
192-->[androidx.work:work-runtime:2.10.0] AndroidManifest.xml:132:9-142:20
193            android:name="androidx.work.impl.diagnostics.DiagnosticsReceiver"
193-->[androidx.work:work-runtime:2.10.0] AndroidManifest.xml:133:13-78
194            android:directBootAware="false"
194-->[androidx.work:work-runtime:2.10.0] AndroidManifest.xml:134:13-44
195            android:enabled="true"
195-->[androidx.work:work-runtime:2.10.0] AndroidManifest.xml:135:13-35
196            android:exported="true"
196-->[androidx.work:work-runtime:2.10.0] AndroidManifest.xml:136:13-36
197            android:permission="android.permission.DUMP" >
197-->[androidx.work:work-runtime:2.10.0] AndroidManifest.xml:137:13-57
198            <intent-filter>
198-->[androidx.work:work-runtime:2.10.0] AndroidManifest.xml:139:13-141:29
199                <action android:name="androidx.work.diagnostics.REQUEST_DIAGNOSTICS" />
199-->[androidx.work:work-runtime:2.10.0] AndroidManifest.xml:140:17-88
199-->[androidx.work:work-runtime:2.10.0] AndroidManifest.xml:140:25-85
200            </intent-filter>
201        </receiver>
202
203        <activity
203-->[androidx.compose.ui:ui-tooling-android:1.7.7] AndroidManifest.xml:23:9-25:39
204            android:name="androidx.compose.ui.tooling.PreviewActivity"
204-->[androidx.compose.ui:ui-tooling-android:1.7.7] AndroidManifest.xml:24:13-71
205            android:exported="true" />
205-->[androidx.compose.ui:ui-tooling-android:1.7.7] AndroidManifest.xml:25:13-36
206
207        <service
207-->[androidx.room:room-runtime:2.6.1] AndroidManifest.xml:24:9-28:63
208            android:name="androidx.room.MultiInstanceInvalidationService"
208-->[androidx.room:room-runtime:2.6.1] AndroidManifest.xml:25:13-74
209            android:directBootAware="true"
209-->[androidx.room:room-runtime:2.6.1] AndroidManifest.xml:26:13-43
210            android:exported="false" />
210-->[androidx.room:room-runtime:2.6.1] AndroidManifest.xml:27:13-37
211
212        <receiver
212-->[androidx.profileinstaller:profileinstaller:1.3.1] AndroidManifest.xml:34:9-52:20
213            android:name="androidx.profileinstaller.ProfileInstallReceiver"
213-->[androidx.profileinstaller:profileinstaller:1.3.1] AndroidManifest.xml:35:13-76
214            android:directBootAware="false"
214-->[androidx.profileinstaller:profileinstaller:1.3.1] AndroidManifest.xml:36:13-44
215            android:enabled="true"
215-->[androidx.profileinstaller:profileinstaller:1.3.1] AndroidManifest.xml:37:13-35
216            android:exported="true"
216-->[androidx.profileinstaller:profileinstaller:1.3.1] AndroidManifest.xml:38:13-36
217            android:permission="android.permission.DUMP" >
217-->[androidx.profileinstaller:profileinstaller:1.3.1] AndroidManifest.xml:39:13-57
218            <intent-filter>
218-->[androidx.profileinstaller:profileinstaller:1.3.1] AndroidManifest.xml:40:13-42:29
219                <action android:name="androidx.profileinstaller.action.INSTALL_PROFILE" />
219-->[androidx.profileinstaller:profileinstaller:1.3.1] AndroidManifest.xml:41:17-91
219-->[androidx.profileinstaller:profileinstaller:1.3.1] AndroidManifest.xml:41:25-88
220            </intent-filter>
221            <intent-filter>
221-->[androidx.profileinstaller:profileinstaller:1.3.1] AndroidManifest.xml:43:13-45:29
222                <action android:name="androidx.profileinstaller.action.SKIP_FILE" />
222-->[androidx.profileinstaller:profileinstaller:1.3.1] AndroidManifest.xml:44:17-85
222-->[androidx.profileinstaller:profileinstaller:1.3.1] AndroidManifest.xml:44:25-82
223            </intent-filter>
224            <intent-filter>
224-->[androidx.profileinstaller:profileinstaller:1.3.1] AndroidManifest.xml:46:13-48:29
225                <action android:name="androidx.profileinstaller.action.SAVE_PROFILE" />
225-->[androidx.profileinstaller:profileinstaller:1.3.1] AndroidManifest.xml:47:17-88
225-->[androidx.profileinstaller:profileinstaller:1.3.1] AndroidManifest.xml:47:25-85
226            </intent-filter>
227            <intent-filter>
227-->[androidx.profileinstaller:profileinstaller:1.3.1] AndroidManifest.xml:49:13-51:29
228                <action android:name="androidx.profileinstaller.action.BENCHMARK_OPERATION" />
228-->[androidx.profileinstaller:profileinstaller:1.3.1] AndroidManifest.xml:50:17-95
228-->[androidx.profileinstaller:profileinstaller:1.3.1] AndroidManifest.xml:50:25-92
229            </intent-filter>
230        </receiver>
231    </application>
232
233</manifest>